mode: set
github.com/felipeazsantos/bookings/cmd/web/main.go:22.13,24.16 2 0
github.com/felipeazsantos/bookings/cmd/web/main.go:24.16,26.3 1 0
github.com/felipeazsantos/bookings/cmd/web/main.go:28.2,36.16 4 0
github.com/felipeazsantos/bookings/cmd/web/main.go:39.18,55.16 10 1
github.com/felipeazsantos/bookings/cmd/web/main.go:55.16,58.3 2 0
github.com/felipeazsantos/bookings/cmd/web/main.go:60.2,68.12 6 1
github.com/felipeazsantos/bookings/cmd/web/middlewares.go:10.45,20.2 3 1
github.com/felipeazsantos/bookings/cmd/web/middlewares.go:23.50,25.2 1 1
github.com/felipeazsantos/bookings/cmd/web/routes.go:12.49,36.2 18 1
